[debug] [2023-05-05T19:08:31.513Z] ----------------------------------------------------------------------
[debug] [2023-05-05T19:08:31.516Z] Command:       C:\Program Files\nodejs\node.exe C:\Users\Anteqs\AppData\Roaming\npm\node_modules\firebase-tools\lib\bin\firebase.js init
[debug] [2023-05-05T19:08:31.517Z] CLI Version:   11.30.0
[debug] [2023-05-05T19:08:31.517Z] Platform:      win32
[debug] [2023-05-05T19:08:31.517Z] Node Version:  v16.18.0
[debug] [2023-05-05T19:08:31.519Z] Time:          Fri May 05 2023 20:08:31 GMT+0100 (West Africa Standard Time)
[debug] [2023-05-05T19:08:31.520Z] ----------------------------------------------------------------------
[debug] 
[debug] [2023-05-05T19:08:31.530Z] >>> [apiv2][query] GET https://firebase-public.firebaseio.com/cli.json [none]
[debug] [2023-05-05T19:08:31.577Z] > command requires scopes: ["email","openid","https://www.googleapis.com/auth/cloudplatformprojects.readonly","https://www.googleapis.com/auth/firebase","https://www.googleapis.com/auth/cloud-platform"]
[debug] [2023-05-05T19:08:31.578Z] > authorizing via signed-in user (abdulqudusayinde60@gmail.com)
[info] 
     ######## #### ########  ######## ########     ###     ######  ########
     ##        ##  ##     ## ##       ##     ##  ##   ##  ##       ##
     ######    ##  ########  ######   ########  #########  ######  ######
     ##        ##  ##    ##  ##       ##     ## ##     ##       ## ##
     ##       #### ##     ## ######## ########  ##     ##  ######  ########

You're about to initialize a Firebase project in this directory:

  C:\Users\Anteqs\Todo\netflix

[debug] [2023-05-05T19:08:32.666Z] <<< [apiv2][status] GET https://firebase-public.firebaseio.com/cli.json 200
[debug] [2023-05-05T19:08:32.666Z] <<< [apiv2][body] GET https://firebase-public.firebaseio.com/cli.json {"cloudBuildErrorAfter":1594252800000,"cloudBuildWarnAfter":1590019200000,"defaultNode10After":1594252800000,"minVersion":"3.0.5","node8DeploysDisabledAfter":1613390400000,"node8RuntimeDisabledAfter":1615809600000,"node8WarnAfter":1600128000000}
